Watching for file changes with StatReloader
Performing system checks...

System check identified some issues:

WARNINGS:
todos.Todo: (models.W042) Auto-created primary key used when not defining a primary key type, by default 'django.db.models.AutoField'.
	HINT: Configure the DEFAULT_AUTO_FIELD setting or the TodosConfig.default_auto_field attribute to point to a subclass of AutoField, e.g. 'django.db.models.BigAutoField'.

System check identified 1 issue (0 silenced).
May 26, 2023 - 22:49:01
Django version 4.2.1, using settings 'todoApp.settings'
Starting development server at http://0.0.0.0:8000/
Quit the server with CONTROL-C.

usage: manage.py runserver [-h] [--ipv6] [--nothreading] [--noreload]
                           [--nostatic] [--insecure] [--version]
                           [--settings SETTINGS] [--pythonpath PYTHONPATH]
                           [--no-color] [--force-color] [--skip-checks]
                           [addrport]
manage.py runserver: error: unrecognized arguments: nohup.out
usage: manage.py runserver [-h] [--ipv6] [--nothreading] [--noreload]
                           [--nostatic] [--insecure] [--version]
                           [--settings SETTINGS] [--pythonpath PYTHONPATH]
                           [--no-color] [--force-color] [--skip-checks]
                           [addrport]
manage.py runserver: error: unrecognized arguments: to nohup.out
Watching for file changes with StatReloader
Performing system checks...

System check identified some issues:

WARNINGS:
todos.Todo: (models.W042) Auto-created primary key used when not defining a primary key type, by default 'django.db.models.AutoField'.
	HINT: Configure the DEFAULT_AUTO_FIELD setting or the TodosConfig.default_auto_field attribute to point to a subclass of AutoField, e.g. 'django.db.models.BigAutoField'.

System check identified 1 issue (0 silenced).
May 26, 2023 - 22:50:36
Django version 4.2.1, using settings 'todoApp.settings'
Starting development server at http://0.0.0.0:8000/
Quit the server with CONTROL-C.

[26/May/2023 22:50:48] "GET /todos/ HTTP/1.1" 200 3515
[26/May/2023 22:50:48] "GET /static/css/style.css HTTP/1.1" 304 0
[26/May/2023 22:50:54] "POST /todos/add/ HTTP/1.1" 302 0
[26/May/2023 22:50:54] "GET /todos/ HTTP/1.1" 200 4093
[26/May/2023 22:51:41] "GET /todos/ HTTP/1.1" 200 4093
[26/May/2023 22:51:42] "GET /todos/ HTTP/1.1" 200 4093
[26/May/2023 22:51:46] "POST /todos/add/ HTTP/1.1" 302 0
[26/May/2023 22:51:46] "GET /todos/ HTTP/1.1" 200 4673
